<?xml version="1.0" encoding="UTF-8"?>
<!-- Generated by org.testng.reporters.JUnitReportReporter -->
<testsuite hostname="RAHUL" failures="0" tests="1" name="amazontestfile.Amz_Scenario_02" time="18.674" errors="0" timestamp="2024-02-06T21:57:43 IST" skipped="0">
  <testcase classname="amazontestfile.Amz_Scenario_02" name="scenario2" time="18.674"/>
  <system-out/>
</testsuite> <!-- amazontestfile.Amz_Scenario_02 -->
